<?xml version="1.0" encoding="UTF-8"?>
<Site BuildName="Linux-clang++"
	BuildStamp="20250307-2323-Experimental"
	Name="KBG5813"
	Generator="ctest-3.31.6"
	CompilerName="/usr/bin/clang++"
	CompilerVersion="21.0.0"
	OSName="Linux"
	Hostname="KBG5813"
	OSRelease="6.13.5-arch1-1"
	OSVersion="#1 SMP PREEMPT_DYNAMIC Thu, 27 Feb 2025 18:09:44 +0000"
	OSPlatform="x86_64"
	Is64Bits="1"
	VendorString="GenuineIntel"
	VendorID="Intel Corporation"
	FamilyID="6"
	ModelID="42"
	ModelName="Intel(R) Core(TM) i7-2860QM CPU @ 2.50GHz"
	ProcessorCacheSize="8192"
	NumberOfLogicalCPU="8"
	NumberOfPhysicalCPU="4"
	TotalVirtualMemory="106479"
	TotalPhysicalMemory="32044"
	LogicalProcessorsPerPhysical="2"
	ProcessorClockFrequency="2195.23"
	>
	<Testing>
		<StartDateTime>Mar 08 00:25 CET</StartDateTime>
		<StartTestTime>1741389958</StartTestTime>
		<TestList/>
		<EndDateTime>Mar 08 00:25 CET</EndDateTime>
		<EndTestTime>1741389958</EndTestTime>
		<ElapsedMinutes>0</ElapsedMinutes>
	</Testing>
</Site>
